Arguments: 
  C:\Program Files\nodejs\node.exe C:\Users\caleb\AppData\Roaming\npm\node_modules\yarn\bin\yarn.js add --dev webpack babel-core babel-loader babel-preset-react babel-preset-es2015 node-sass css-loader sass-loader style-loader

PATH: 
  C:\Windows\system32;C:\Windows;C:\Windows\System32\Wbem;C:\Windows\System32\WindowsPowerShell\v1.0\;C:\Program Files (x86)\QuickTime\QTSystem\;C:\RailsInstaller\Ruby2.1.0\bin;C:\Users\caleb\AppData\Local\Microsoft\WindowsApps;C:\adb;C:\Program Files\Git\cmd;C:\Program Files (x86)\Brackets\command;C:\Program Files\nodejs\;C:\RailsInstaller\Git\cmd;C:\RailsInstaller\Ruby2.2.0\bin;C:\Users\caleb\AppData\Local\Microsoft\WindowsApps;C:\Program Files (x86)\Microsoft VS Code\bin;C:\Users\caleb\AppData\Roaming\npm

Yarn version: 
  0.24.4

Node version: 
  7.10.0

Platform: 
  win32 x64

npm manifest: 
  {
    "name": "js_tutorial",
    "version": "1.0.0",
    "main": "index.js",
    "repository": "git@github.com:Calebs/js_tutorial.git",
    "author": "Babatunde Calebs O. <calebsconsults@gmail.com>",
    "license": "MIT"
  }

yarn manifest: 
  No manifest

Lockfile: 
  No lockfile

Trace: 
  Error: getaddrinfo ENOTFOUND registry.yarnpkg.com registry.yarnpkg.com:443
      at errnoException (dns.js:28:10)
      at GetAddrInfoReqWrap.onlookup [as oncomplete] (dns.js:73:26)
